<?xml version="1.0" encoding="UTF-8"?>
<!-- Generated by org.testng.reporters.JUnitReportReporter -->
<testsuite hostname="Huawei-PC" failures="0" tests="1" name="Main.Login" time="10.975" errors="0" timestamp="2023-03-06T16:31:35 EET" skipped="0">
  <testcase classname="Main.Login" name="case_1" time="10.975"/>
  <system-out/>
</testsuite> <!-- Main.Login -->
