<?xml version="1.0" encoding="UTF-8"?>
<!-- Generated by org.testng.reporters.JUnitReportReporter -->
<testsuite hostname="Huawei-PC" failures="0" tests="1" name="Tests.Test_2" time="3.857" errors="0" timestamp="2023-03-06T16:31:35 EET" skipped="0">
  <testcase classname="Tests.Test_2" name="test3" time="3.857"/>
  <system-out/>
</testsuite> <!-- Tests.Test_2 -->
