<?xml version="1.0" encoding="UTF-8"?>
<!-- Generated by org.testng.reporters.JUnitReportReporter -->
<testsuite hostname="Huawei-PC" failures="0" tests="1" name="Tests.Test_1" time="12.380" errors="0" timestamp="2023-03-07T11:31:12 EET" skipped="0">
  <testcase classname="Tests.Test_1" name="test1" time="12.380"/>
  <system-out/>
</testsuite> <!-- Tests.Test_1 -->
