<?xml version="1.0" encoding="UTF-8"?>
<!-- Generated by org.testng.reporters.JUnitReportReporter -->
<testsuite hostname="Huawei-PC" failures="0" tests="1" name="Main.Login" time="15.914" errors="0" timestamp="2023-03-07T11:31:12 EET" skipped="0">
  <testcase classname="Main.Login" name="case_1" time="15.914"/>
  <system-out/>
</testsuite> <!-- Main.Login -->
