<?xml version="1.0" encoding="UTF-8"?>
<!-- Generated by org.testng.reporters.JUnitReportReporter -->
<testsuite hostname="Huawei-PC" failures="0" tests="2" name="Tests.Test_1" time="15.830" errors="0" timestamp="2023-03-06T16:07:35 EET" skipped="0">
  <testcase classname="Tests.Test_1" name="test2" time="3.838"/>
  <system-out/>
  <testcase classname="Tests.Test_1" name="test1" time="11.992"/>
  <system-out/>
</testsuite> <!-- Tests.Test_1 -->
